c:\users\николай\documents\github\paa\necpaaproblemstatementbuilder\necpaaproblemstatementbuilder\debug\necpaaproblemstatementbuilder.pch
c:\users\николай\documents\github\paa\necpaaproblemstatementbuilder\necpaaproblemstatementbuilder\debug\vc141.pdb
c:\users\николай\documents\github\paa\necpaaproblemstatementbuilder\necpaaproblemstatementbuilder\debug\vc141.idb
c:\users\николай\documents\github\paa\necpaaproblemstatementbuilder\necpaaproblemstatementbuilder\debug\stdafx.obj
c:\users\николай\documents\github\paa\necpaaproblemstatementbuilder\necpaaproblemstatementbuilder\debug\windowscachemanager.obj
c:\users\николай\documents\github\paa\necpaaproblemstatementbuilder\necpaaproblemstatementbuilder\debug\onesourcenecinwritterexception.obj
c:\users\николай\documents\github\paa\necpaaproblemstatementbuilder\necpaaproblemstatementbuilder\debug\onesourcenecinwritter.obj
c:\users\николай\documents\github\paa\necpaaproblemstatementbuilder\necpaaproblemstatementbuilder\debug\necphysicalsystembuilder.obj
c:\users\николай\documents\github\paa\necpaaproblemstatementbuilder\necpaaproblemstatementbuilder\debug\necrunner.obj
c:\users\николай\documents\github\paa\necpaaproblemstatementbuilder\necpaaproblemstatementbuilder\debug\necpaaproblemstatementbuilder.obj
c:\users\николай\documents\github\paa\necpaaproblemstatementbuilder\necpaaproblemstatementbuilder\debug\dllmain.obj
c:\users\николай\documents\github\paa\necpaaproblemstatementbuilder\necpaaproblemstatementbuilder\debug\cachemanager.obj
c:\users\николай\documents\github\paa\paaoptimisation\debug\necpaaproblemstatementbuilder.ilk
c:\users\николай\documents\github\paa\paaoptimisation\debug\necpaaproblemstatementbuilder.dll
c:\users\николай\documents\github\paa\paaoptimisation\debug\necpaaproblemstatementbuilder.pdb
c:\users\николай\documents\github\paa\paaoptimisation\debug\necpaaproblemstatementbuilder.lib
c:\users\николай\documents\github\paa\paaoptimisation\debug\necpaaproblemstatementbuilder.exp
c:\users\николай\documents\github\paa\necpaaproblemstatementbuilder\necpaaproblemstatementbuilder\debug\necpaapr.f6c2b309.tlog\cl.command.1.tlog
c:\users\николай\documents\github\paa\necpaaproblemstatementbuilder\necpaaproblemstatementbuilder\debug\necpaapr.f6c2b309.tlog\cl.read.1.tlog
c:\users\николай\documents\github\paa\necpaaproblemstatementbuilder\necpaaproblemstatementbuilder\debug\necpaapr.f6c2b309.tlog\cl.write.1.tlog
c:\users\николай\documents\github\paa\necpaaproblemstatementbuilder\necpaaproblemstatementbuilder\debug\necpaapr.f6c2b309.tlog\link.command.1.tlog
c:\users\николай\documents\github\paa\necpaaproblemstatementbuilder\necpaaproblemstatementbuilder\debug\necpaapr.f6c2b309.tlog\link.read.1.tlog
c:\users\николай\documents\github\paa\necpaaproblemstatementbuilder\necpaaproblemstatementbuilder\debug\necpaapr.f6c2b309.tlog\link.write.1.tlog
c:\users\николай\documents\github\paa\necpaaproblemstatementbuilder\necpaaproblemstatementbuilder\debug\necpaapr.f6c2b309.tlog\necpaaproblemstatementbuilder.write.1u.tlog
