C:\Program Files (x86)\Microsoft Visual Studio\2017\Community\Common7\IDE\VC\VCTargets\Microsoft.CppBuild.targets(391,5): warning MSB8028: промежуточный каталог (Debug\) содержит файлы, которые используются совместно с другим проектом (FARProblemStatementProject.vcxproj).  Это может привести к ошибкам очистки и перестроения.
  CacheManager.cpp
c:\users\николай\documents\github\paa\necdata\necdata\necout.h(12): error C2871: Math: пространство имен с таким именем не существует
c:\users\николай\documents\github\paa\necdata\necdata\necout.h(24): error C3646: getI: неизвестный спецификатор переопределения
c:\users\николай\documents\github\paa\necdata\necdata\necout.h(24): error C2059: синтаксическая ошибка: )
c:\users\николай\documents\github\paa\necdata\necdata\necout.h(24): error C2238: непредвиденные лексемы перед ";"
c:\users\николай\documents\github\paa\necdata\necdata\necout.h(25): error C3646: getV: неизвестный спецификатор переопределения
c:\users\николай\documents\github\paa\necdata\necdata\necout.h(25): error C2059: синтаксическая ошибка: )
c:\users\николай\documents\github\paa\necdata\necdata\necout.h(25): error C2238: непредвиденные лексемы перед ";"
c:\users\николай\documents\github\paa\necdata\necdata\necout.h(30): error C3646: v: неизвестный спецификатор переопределения
c:\users\николай\documents\github\paa\necdata\necdata\necout.h(30): error C4430: отсутствует спецификатор типа - предполагается int. Примечание. C++ не поддерживает int по умолчанию
c:\users\николай\documents\github\paa\necdata\necdata\necout.h(31): error C3646: i: неизвестный спецификатор переопределения
c:\users\николай\documents\github\paa\necdata\necdata\necout.h(31): error C4430: отсутствует спецификатор типа - предполагается int. Примечание. C++ не поддерживает int по умолчанию
c:\users\николай\documents\github\paa\necdata\necdata\necout.h(32): error C3646: z: неизвестный спецификатор переопределения
c:\users\николай\documents\github\paa\necdata\necdata\necout.h(32): error C4430: отсутствует спецификатор типа - предполагается int. Примечание. C++ не поддерживает int по умолчанию
c:\users\николай\documents\github\paa\necdata\necdata\necout.h(33): error C3646: a: неизвестный спецификатор переопределения
c:\users\николай\documents\github\paa\necdata\necdata\necout.h(33): error C4430: отсутствует спецификатор типа - предполагается int. Примечание. C++ не поддерживает int по умолчанию
c:\users\николай\documents\github\paa\necdata\necdata\necout.h(47): error C3646: getE: неизвестный спецификатор переопределения
c:\users\николай\documents\github\paa\necdata\necdata\necout.h(47): error C2059: синтаксическая ошибка: )
c:\users\николай\documents\github\paa\necdata\necdata\necout.h(47): error C2238: непредвиденные лексемы перед ";"
  NECStatementBuilder.cpp
c:\users\николай\documents\github\paa\necdata\necdata\ex.h(12): error C2871: Math: пространство имен с таким именем не существует
c:\users\николай\documents\github\paa\necdata\necdata\ex.h(20): error C3646: value: неизвестный спецификатор переопределения
c:\users\николай\documents\github\paa\necdata\necdata\ex.h(20): error C4430: отсутствует спецификатор типа - предполагается int. Примечание. C++ не поддерживает int по умолчанию
c:\users\николай\documents\github\paa\necdata\necdata\ex.h(24): error C2061: синтаксическая ошибка: идентификатор "Complex"
c:\users\николай\documents\github\paa\necdata\necdata\ex.h(24): error C2535: EX::EX(EX &): функция-член уже определена или объявлена
  c:\users\николай\documents\github\paa\necdata\necdata\ex.h(23): note:  см. объявление "EX::EX"
c:\users\николай\documents\github\paa\necdata\necdata\ex.h(30): error C2143: синтаксическая ошибка: отсутствие ";" перед "&"
c:\users\николай\documents\github\paa\necdata\necdata\ex.h(30): error C2071: EX::Complex: недопустимый класс хранения
c:\users\николай\documents\github\paa\necdata\necdata\ex.h(30): error C4430: отсутствует спецификатор типа - предполагается int. Примечание. C++ не поддерживает int по умолчанию
c:\users\николай\documents\github\paa\necdata\necdata\ex.h(30): error C2238: непредвиденные лексемы перед ";"
c:\users\николай\documents\github\paa\necdata\necdata\necout.h(12): error C2871: Math: пространство имен с таким именем не существует
c:\users\николай\documents\github\paa\necdata\necdata\necout.h(24): error C3646: getI: неизвестный спецификатор переопределения
c:\users\николай\documents\github\paa\necdata\necdata\necout.h(24): error C2059: синтаксическая ошибка: )
c:\users\николай\documents\github\paa\necdata\necdata\necout.h(24): error C2238: непредвиденные лексемы перед ";"
c:\users\николай\documents\github\paa\necdata\necdata\necout.h(25): error C3646: getV: неизвестный спецификатор переопределения
c:\users\николай\documents\github\paa\necdata\necdata\necout.h(25): error C2059: синтаксическая ошибка: )
c:\users\николай\documents\github\paa\necdata\necdata\necout.h(25): error C2238: непредвиденные лексемы перед ";"
c:\users\николай\documents\github\paa\necdata\necdata\necout.h(30): error C3646: v: неизвестный спецификатор переопределения
c:\users\николай\documents\github\paa\necdata\necdata\necout.h(30): error C4430: отсутствует спецификатор типа - предполагается int. Примечание. C++ не поддерживает int по умолчанию
c:\users\николай\documents\github\paa\necdata\necdata\necout.h(31): error C3646: i: неизвестный спецификатор переопределения
c:\users\николай\documents\github\paa\necdata\necdata\necout.h(31): error C4430: отсутствует спецификатор типа - предполагается int. Примечание. C++ не поддерживает int по умолчанию
c:\users\николай\documents\github\paa\necdata\necdata\necout.h(32): error C3646: z: неизвестный спецификатор переопределения
c:\users\николай\documents\github\paa\necdata\necdata\necout.h(32): error C4430: отсутствует спецификатор типа - предполагается int. Примечание. C++ не поддерживает int по умолчанию
c:\users\николай\documents\github\paa\necdata\necdata\necout.h(33): error C3646: a: неизвестный спецификатор переопределения
c:\users\николай\documents\github\paa\necdata\necdata\necout.h(33): error C4430: отсутствует спецификатор типа - предполагается int. Примечание. C++ не поддерживает int по умолчанию
c:\users\николай\documents\github\paa\necdata\necdata\necout.h(47): error C3646: getE: неизвестный спецификатор переопределения
c:\users\николай\documents\github\paa\necdata\necdata\necout.h(47): error C2059: синтаксическая ошибка: )
c:\users\николай\documents\github\paa\necdata\necdata\necout.h(47): error C2238: непредвиденные лексемы перед ";"
c:\users\николай\documents\github\paa\necpaastatementbuilder\farproblemstatement\windowscachemanager.h(7): error C4596: cachedFileName: недопустимое полное имя в объявлении члена
c:\users\николай\documents\github\paa\necpaastatementbuilder\farproblemstatement\necstatementbuilder.cpp(5): fatal error C1083: Не удается открыть файл включение: Scanner.h: No such file or directory,
  WindowsCacheManager.cpp
c:\users\николай\documents\github\paa\necdata\necdata\necout.h(12): error C2871: Math: пространство имен с таким именем не существует
c:\users\николай\documents\github\paa\necdata\necdata\necout.h(24): error C3646: getI: неизвестный спецификатор переопределения
c:\users\николай\documents\github\paa\necdata\necdata\necout.h(24): error C2059: синтаксическая ошибка: )
c:\users\николай\documents\github\paa\necdata\necdata\necout.h(24): error C2238: непредвиденные лексемы перед ";"
c:\users\николай\documents\github\paa\necdata\necdata\necout.h(25): error C3646: getV: неизвестный спецификатор переопределения
c:\users\николай\documents\github\paa\necdata\necdata\necout.h(25): error C2059: синтаксическая ошибка: )
c:\users\николай\documents\github\paa\necdata\necdata\necout.h(25): error C2238: непредвиденные лексемы перед ";"
c:\users\николай\documents\github\paa\necdata\necdata\necout.h(30): error C3646: v: неизвестный спецификатор переопределения
c:\users\николай\documents\github\paa\necdata\necdata\necout.h(30): error C4430: отсутствует спецификатор типа - предполагается int. Примечание. C++ не поддерживает int по умолчанию
c:\users\николай\documents\github\paa\necdata\necdata\necout.h(31): error C3646: i: неизвестный спецификатор переопределения
c:\users\николай\documents\github\paa\necdata\necdata\necout.h(31): error C4430: отсутствует спецификатор типа - предполагается int. Примечание. C++ не поддерживает int по умолчанию
c:\users\николай\documents\github\paa\necdata\necdata\necout.h(32): error C3646: z: неизвестный спецификатор переопределения
c:\users\николай\documents\github\paa\necdata\necdata\necout.h(32): error C4430: отсутствует спецификатор типа - предполагается int. Примечание. C++ не поддерживает int по умолчанию
c:\users\николай\documents\github\paa\necdata\necdata\necout.h(33): error C3646: a: неизвестный спецификатор переопределения
c:\users\николай\documents\github\paa\necdata\necdata\necout.h(33): error C4430: отсутствует спецификатор типа - предполагается int. Примечание. C++ не поддерживает int по умолчанию
c:\users\николай\documents\github\paa\necdata\necdata\necout.h(47): error C3646: getE: неизвестный спецификатор переопределения
c:\users\николай\documents\github\paa\necdata\necdata\necout.h(47): error C2059: синтаксическая ошибка: )
c:\users\николай\documents\github\paa\necdata\necdata\necout.h(47): error C2238: непредвиденные лексемы перед ";"
c:\users\николай\documents\github\paa\necpaastatementbuilder\farproblemstatement\windowscachemanager.h(7): error C4596: cachedFileName: недопустимое полное имя в объявлении члена
c:\users\николай\documents\github\paa\necpaastatementbuilder\farproblemstatement\windowscachemanager.cpp(3): fatal error C1083: Не удается открыть файл включение: WindowsUtils.h: No such file or directory,
  Создание кода...
