c:\users\николай\documents\github\paa\ntmathproblem\ntstandartproblemalgorithm\nthgstandartproblemalgorithm\release\ntstandartproblemalgorithms.pch
c:\users\николай\documents\github\paa\ntmathproblem\ntstandartproblemalgorithm\nthgstandartproblemalgorithm\release\vc141.pdb
c:\users\николай\documents\github\paa\ntmathproblem\ntstandartproblemalgorithm\nthgstandartproblemalgorithm\release\stdafx.obj
c:\users\николай\documents\github\paa\ntmathproblem\ntstandartproblemalgorithm\nthgstandartproblemalgorithm\release\nthgalgorithm.obj
c:\users\николай\documents\github\paa\ntmathproblem\ntstandartproblemalgorithm\nthgstandartproblemalgorithm\release\nthgstandartproblemalgorithms.obj
c:\users\николай\documents\github\paa\ntmathproblem\ntstandartproblemalgorithm\nthgstandartproblemalgorithm\release\ntgradientalgorithm.obj
c:\users\николай\documents\github\paa\ntmathproblem\ntstandartproblemalgorithm\nthgstandartproblemalgorithm\release\ntconjugategradientalgorithm.obj
c:\users\николай\documents\github\paa\ntmathproblem\ntstandartproblemalgorithm\nthgstandartproblemalgorithm\release\linearsearch.obj
c:\users\николай\documents\github\paa\ntmathproblem\ntstandartproblemalgorithm\nthgstandartproblemalgorithm\release\dllmain.obj
c:\users\николай\documents\github\paa\paaoptimisation\release\ntstandartproblemalgorithms.dll
c:\users\николай\documents\github\paa\paaoptimisation\release\ntstandartproblemalgorithms.pdb
c:\users\николай\documents\github\paa\paaoptimisation\release\ntstandartproblemalgorithms.lib
c:\users\николай\documents\github\paa\paaoptimisation\release\ntstandartproblemalgorithms.exp
c:\users\николай\documents\github\paa\paaoptimisation\release\ntstandartproblemalgorithms.ipdb
c:\users\николай\documents\github\paa\paaoptimisation\release\ntstandartproblemalgorithms.iobj
c:\users\николай\documents\github\paa\ntmathproblem\ntstandartproblemalgorithm\nthgstandartproblemalgorithm\release\ntstanda.3e1688c1.tlog\cl.command.1.tlog
c:\users\николай\documents\github\paa\ntmathproblem\ntstandartproblemalgorithm\nthgstandartproblemalgorithm\release\ntstanda.3e1688c1.tlog\cl.read.1.tlog
c:\users\николай\documents\github\paa\ntmathproblem\ntstandartproblemalgorithm\nthgstandartproblemalgorithm\release\ntstanda.3e1688c1.tlog\cl.write.1.tlog
c:\users\николай\documents\github\paa\ntmathproblem\ntstandartproblemalgorithm\nthgstandartproblemalgorithm\release\ntstanda.3e1688c1.tlog\link.command.1.tlog
c:\users\николай\documents\github\paa\ntmathproblem\ntstandartproblemalgorithm\nthgstandartproblemalgorithm\release\ntstanda.3e1688c1.tlog\link.read.1.tlog
c:\users\николай\documents\github\paa\ntmathproblem\ntstandartproblemalgorithm\nthgstandartproblemalgorithm\release\ntstanda.3e1688c1.tlog\link.write.1.tlog
c:\users\николай\documents\github\paa\ntmathproblem\ntstandartproblemalgorithm\nthgstandartproblemalgorithm\release\ntstanda.3e1688c1.tlog\ntstandartproblemalgorithms.write.1u.tlog
