c:\users\nik\documents\github\paa\paaoptimisation\release\asynctasks.lib
c:\users\nik\documents\github\paa\paaoptimisation\release\asynctasks.exp
c:\users\nik\documents\github\paa\paaoptimisation\release\asynctasks.ipdb
c:\users\nik\documents\github\paa\paaoptimisation\release\asynctasks.iobj
c:\users\nik\documents\github\paa\ntwindowsutilities\ntutilities\ntasync\asynctasks\asynctasks\release\asynctasks.pch
c:\users\nik\documents\github\paa\ntwindowsutilities\ntutilities\ntasync\asynctasks\asynctasks\release\vc142.pdb
c:\users\nik\documents\github\paa\ntwindowsutilities\ntutilities\ntasync\asynctasks\asynctasks\release\stdafx.obj
c:\users\nik\documents\github\paa\ntwindowsutilities\ntutilities\ntasync\asynctasks\asynctasks\release\taskmanager.obj
c:\users\nik\documents\github\paa\ntwindowsutilities\ntutilities\ntasync\asynctasks\asynctasks\release\task.obj
c:\users\nik\documents\github\paa\ntwindowsutilities\ntutilities\ntasync\asynctasks\asynctasks\release\dllmain.obj
c:\users\nik\documents\github\paa\ntwindowsutilities\ntutilities\ntasync\asynctasks\asynctasks\release\asynctasks.obj
c:\users\nik\documents\github\paa\paaoptimisation\release\asynctasks.dll
c:\users\nik\documents\github\paa\paaoptimisation\release\asynctasks.pdb
c:\users\nik\documents\github\paa\ntwindowsutilities\ntutilities\ntasync\asynctasks\asynctasks\release\asynctasks.tlog\asynctasks.write.1u.tlog
c:\users\nik\documents\github\paa\ntwindowsutilities\ntutilities\ntasync\asynctasks\asynctasks\release\asynctasks.tlog\cl.command.1.tlog
c:\users\nik\documents\github\paa\ntwindowsutilities\ntutilities\ntasync\asynctasks\asynctasks\release\asynctasks.tlog\cl.read.1.tlog
c:\users\nik\documents\github\paa\ntwindowsutilities\ntutilities\ntasync\asynctasks\asynctasks\release\asynctasks.tlog\cl.write.1.tlog
c:\users\nik\documents\github\paa\ntwindowsutilities\ntutilities\ntasync\asynctasks\asynctasks\release\asynctasks.tlog\link.command.1.tlog
c:\users\nik\documents\github\paa\ntwindowsutilities\ntutilities\ntasync\asynctasks\asynctasks\release\asynctasks.tlog\link.read.1.tlog
c:\users\nik\documents\github\paa\ntwindowsutilities\ntutilities\ntasync\asynctasks\asynctasks\release\asynctasks.tlog\link.write.1.tlog
