c:\users\николай\documents\github\ntmathproblem\ntstandartproblemalgorithm\nthgstandartproblemalgorithm\x64\debug\ntstandartproblemalgorithms.pch
c:\users\николай\documents\github\ntmathproblem\ntstandartproblemalgorithm\nthgstandartproblemalgorithm\x64\debug\vc141.pdb
c:\users\николай\documents\github\ntmathproblem\ntstandartproblemalgorithm\nthgstandartproblemalgorithm\x64\debug\vc141.idb
c:\users\николай\documents\github\ntmathproblem\ntstandartproblemalgorithm\nthgstandartproblemalgorithm\x64\debug\stdafx.obj
c:\users\николай\documents\github\ntmathproblem\ntstandartproblemalgorithm\nthgstandartproblemalgorithm\x64\debug\nthgstandartproblemalgorithms.obj
c:\users\николай\documents\github\ntmathproblem\ntstandartproblemalgorithm\nthgstandartproblemalgorithm\x64\debug\ntgradientalgorithm.obj
c:\users\николай\documents\github\ntmathproblem\ntstandartproblemalgorithm\nthgstandartproblemalgorithm\x64\debug\dllmain.obj
c:\users\николай\documents\github\ntmathproblem\ntstandartproblemalgorithm\nthgstandartproblemalgorithm\x64\debug\linearsearch.obj
c:\users\николай\documents\github\ntmathproblem\ntstandartproblemalgorithm\nthgstandartproblemalgorithm\x64\debug\nthgalgorithm.obj
c:\users\николай\documents\github\ntmathproblem\ntstandartproblemalgorithm\nthgstandartproblemalgorithm\x64\debug\ntconjugategradientalgorithm.obj
c:\users\николай\documents\github\ntmathproblem\ntstandartproblemalgorithm\x64\debug\ntstandartproblemalgorithms.ilk
c:\users\николай\documents\github\ntmathproblem\ntstandartproblemalgorithm\x64\debug\ntstandartproblemalgorithms.dll
c:\users\николай\documents\github\ntmathproblem\ntstandartproblemalgorithm\x64\debug\ntstandartproblemalgorithms.pdb
c:\users\николай\documents\github\ntmathproblem\ntstandartproblemalgorithm\x64\debug\ntstandartproblemalgorithms.lib
c:\users\николай\documents\github\ntmathproblem\ntstandartproblemalgorithm\x64\debug\ntstandartproblemalgorithms.exp
c:\users\николай\documents\github\ntmathproblem\ntstandartproblemalgorithm\nthgstandartproblemalgorithm\x64\debug\ntstanda.3e1688c1.tlog\cl.command.1.tlog
c:\users\николай\documents\github\ntmathproblem\ntstandartproblemalgorithm\nthgstandartproblemalgorithm\x64\debug\ntstanda.3e1688c1.tlog\cl.read.1.tlog
c:\users\николай\documents\github\ntmathproblem\ntstandartproblemalgorithm\nthgstandartproblemalgorithm\x64\debug\ntstanda.3e1688c1.tlog\cl.write.1.tlog
c:\users\николай\documents\github\ntmathproblem\ntstandartproblemalgorithm\nthgstandartproblemalgorithm\x64\debug\ntstanda.3e1688c1.tlog\link.command.1.tlog
c:\users\николай\documents\github\ntmathproblem\ntstandartproblemalgorithm\nthgstandartproblemalgorithm\x64\debug\ntstanda.3e1688c1.tlog\link.read.1.tlog
c:\users\николай\documents\github\ntmathproblem\ntstandartproblemalgorithm\nthgstandartproblemalgorithm\x64\debug\ntstanda.3e1688c1.tlog\link.write.1.tlog
c:\users\николай\documents\github\ntmathproblem\ntstandartproblemalgorithm\nthgstandartproblemalgorithm\x64\debug\ntstanda.3e1688c1.tlog\ntstandartproblemalgorithms.write.1u.tlog
