  stdafx.cpp
  AllSourceNecInWritterException.cpp
  AntenaInputsKeywordsHandler.cpp
  CE.cpp
  CEHandler.cpp
  CM.cpp
  CMHandler.cpp
  dllmain.cpp
  EN.cpp
  ENHandler.cpp
  EX.cpp
  EXHandler.cpp
  FileException.cpp
  FileParser.cpp
  FileStreamHandler.cpp
  FileStructure.cpp
  FR.cpp
  FRHandler.cpp
  GE.cpp
  GEHandler.cpp
  GN.cpp
  Создание кода...
  Компиляция...
  GNHandler.cpp
  GW.cpp
  GWHandler.cpp
  KeywordsHandler.cpp
  NecCommand.cpp
  NecData.cpp
  NecIn.cpp
c:\users\николай\documents\github\paa\necdata\necdata\necin.cpp(20): warning C4018: <: несоответствие типов со знаком и без знака
c:\users\николай\documents\github\paa\necdata\necdata\necin.cpp(24): warning C4018: <: несоответствие типов со знаком и без знака
  NecInParser.cpp
  NecInWritter.cpp
  NecOut.cpp
  NecOutParser.cpp
  PT.cpp
  PTHandler.cpp
  RadiationKeywordsHandler.cpp
  RP.cpp
  RPHandler.cpp
  StringHandler.cpp
  TableValueParser.cpp
  Создание кода...
     Создается библиотека C:\Users\Николай\Documents\GitHub\PAA\PAAOptimisation\Debug\NecData.lib и объект C:\Users\Николай\Documents\GitHub\PAA\PAAOptimisation\Debug\NecData.exp
  NecData.vcxproj -> C:\Users\Николай\Documents\GitHub\PAA\PAAOptimisation\Debug\NecData.dll
