c:\users\николай\documents\github\paa\necdata\necdata\debug\necdata.pch
c:\users\николай\documents\github\paa\necdata\necdata\debug\vc141.pdb
c:\users\николай\documents\github\paa\necdata\necdata\debug\vc141.idb
c:\users\николай\documents\github\paa\necdata\necdata\debug\stdafx.obj
c:\users\николай\documents\github\paa\necdata\necdata\debug\gn.obj
c:\users\николай\documents\github\paa\necdata\necdata\debug\gehandler.obj
c:\users\николай\documents\github\paa\necdata\necdata\debug\ge.obj
c:\users\николай\documents\github\paa\necdata\necdata\debug\frhandler.obj
c:\users\николай\documents\github\paa\necdata\necdata\debug\fr.obj
c:\users\николай\documents\github\paa\necdata\necdata\debug\filestructure.obj
c:\users\николай\documents\github\paa\necdata\necdata\debug\filestreamhandler.obj
c:\users\николай\documents\github\paa\necdata\necdata\debug\fileparser.obj
c:\users\николай\documents\github\paa\necdata\necdata\debug\fileexception.obj
c:\users\николай\documents\github\paa\necdata\necdata\debug\exhandler.obj
c:\users\николай\documents\github\paa\necdata\necdata\debug\ex.obj
c:\users\николай\documents\github\paa\necdata\necdata\debug\enhandler.obj
c:\users\николай\documents\github\paa\necdata\necdata\debug\en.obj
c:\users\николай\documents\github\paa\necdata\necdata\debug\dllmain.obj
c:\users\николай\documents\github\paa\necdata\necdata\debug\cmhandler.obj
c:\users\николай\documents\github\paa\necdata\necdata\debug\cm.obj
c:\users\николай\documents\github\paa\necdata\necdata\debug\cehandler.obj
c:\users\николай\documents\github\paa\necdata\necdata\debug\ce.obj
c:\users\николай\documents\github\paa\necdata\necdata\debug\antenainputskeywordshandler.obj
c:\users\николай\documents\github\paa\necdata\necdata\debug\allsourcenecinwritterexception.obj
c:\users\николай\documents\github\paa\necdata\necdata\debug\tablevalueparser.obj
c:\users\николай\documents\github\paa\necdata\necdata\debug\stringhandler.obj
c:\users\николай\documents\github\paa\necdata\necdata\debug\rphandler.obj
c:\users\николай\documents\github\paa\necdata\necdata\debug\rp.obj
c:\users\николай\documents\github\paa\necdata\necdata\debug\radiationkeywordshandler.obj
c:\users\николай\documents\github\paa\necdata\necdata\debug\pthandler.obj
c:\users\николай\documents\github\paa\necdata\necdata\debug\pt.obj
c:\users\николай\documents\github\paa\necdata\necdata\debug\necoutparser.obj
c:\users\николай\documents\github\paa\necdata\necdata\debug\necout.obj
c:\users\николай\documents\github\paa\necdata\necdata\debug\necinwritter.obj
c:\users\николай\documents\github\paa\necdata\necdata\debug\necinparser.obj
c:\users\николай\documents\github\paa\necdata\necdata\debug\necin.obj
c:\users\николай\documents\github\paa\necdata\necdata\debug\necdata.obj
c:\users\николай\documents\github\paa\necdata\necdata\debug\neccommand.obj
c:\users\николай\documents\github\paa\necdata\necdata\debug\keywordshandler.obj
c:\users\николай\documents\github\paa\necdata\necdata\debug\gwhandler.obj
c:\users\николай\documents\github\paa\necdata\necdata\debug\gw.obj
c:\users\николай\documents\github\paa\necdata\necdata\debug\gnhandler.obj
c:\users\николай\documents\github\paa\paaoptimisation\debug\necdata.ilk
c:\users\николай\documents\github\paa\paaoptimisation\debug\necdata.dll
c:\users\николай\documents\github\paa\paaoptimisation\debug\necdata.pdb
c:\users\николай\documents\github\paa\paaoptimisation\debug\necdata.lib
c:\users\николай\documents\github\paa\paaoptimisation\debug\necdata.exp
c:\users\николай\documents\github\paa\necdata\necdata\debug\necdata.tlog\cl.command.1.tlog
c:\users\николай\documents\github\paa\necdata\necdata\debug\necdata.tlog\cl.read.1.tlog
c:\users\николай\documents\github\paa\necdata\necdata\debug\necdata.tlog\cl.write.1.tlog
c:\users\николай\documents\github\paa\necdata\necdata\debug\necdata.tlog\link.command.1.tlog
c:\users\николай\documents\github\paa\necdata\necdata\debug\necdata.tlog\link.read.1.tlog
c:\users\николай\documents\github\paa\necdata\necdata\debug\necdata.tlog\link.write.1.tlog
c:\users\николай\documents\github\paa\necdata\necdata\debug\necdata.tlog\necdata.write.1u.tlog
