c:\users\николай\documents\github\paa\paaoptimisationproblemproject\paaoptimisationproblemproject\release\paaoptimisationproblemproject.pch
c:\users\николай\documents\github\paa\paaoptimisationproblemproject\paaoptimisationproblemproject\release\vc141.pdb
c:\users\николай\documents\github\paa\paaoptimisationproblemproject\paaoptimisationproblemproject\release\stdafx.obj
c:\users\николай\documents\github\paa\paaoptimisationproblemproject\paaoptimisationproblemproject\release\paapenaltyoptimisationproblem.obj
c:\users\николай\documents\github\paa\paaoptimisationproblemproject\paaoptimisationproblemproject\release\paaoptimisationproblemfactory.obj
c:\users\николай\documents\github\paa\paaoptimisationproblemproject\paaoptimisationproblemproject\release\paaoptimisationproblem.obj
c:\users\николай\documents\github\paa\paaoptimisationproblemproject\paaoptimisationproblemproject\release\dllmain.obj
c:\users\николай\documents\github\paa\paaoptimisation\release\paaoptimisationproblemproject.dll
c:\users\николай\documents\github\paa\paaoptimisation\release\paaoptimisationproblemproject.pdb
c:\users\николай\documents\github\paa\paaoptimisation\release\paaoptimisationproblemproject.lib
c:\users\николай\documents\github\paa\paaoptimisation\release\paaoptimisationproblemproject.exp
c:\users\николай\documents\github\paa\paaoptimisation\release\paaoptimisationproblemproject.ipdb
c:\users\николай\documents\github\paa\paaoptimisation\release\paaoptimisationproblemproject.iobj
c:\users\николай\documents\github\paa\paaoptimisationproblemproject\paaoptimisationproblemproject\release\paaoptim.65906ba1.tlog\cl.command.1.tlog
c:\users\николай\documents\github\paa\paaoptimisationproblemproject\paaoptimisationproblemproject\release\paaoptim.65906ba1.tlog\cl.read.1.tlog
c:\users\николай\documents\github\paa\paaoptimisationproblemproject\paaoptimisationproblemproject\release\paaoptim.65906ba1.tlog\cl.write.1.tlog
c:\users\николай\documents\github\paa\paaoptimisationproblemproject\paaoptimisationproblemproject\release\paaoptim.65906ba1.tlog\link.command.1.tlog
c:\users\николай\documents\github\paa\paaoptimisationproblemproject\paaoptimisationproblemproject\release\paaoptim.65906ba1.tlog\link.delete.1.tlog
c:\users\николай\documents\github\paa\paaoptimisationproblemproject\paaoptimisationproblemproject\release\paaoptim.65906ba1.tlog\link.read.1.tlog
c:\users\николай\documents\github\paa\paaoptimisationproblemproject\paaoptimisationproblemproject\release\paaoptim.65906ba1.tlog\link.write.1.tlog
c:\users\николай\documents\github\paa\paaoptimisationproblemproject\paaoptimisationproblemproject\release\paaoptim.65906ba1.tlog\paaoptimisationproblemproject.write.1u.tlog
