c:\users\николай\documents\github\paa\ntwindowsutilities\ntutilities\random\random\release\random.pch
c:\users\николай\documents\github\paa\ntwindowsutilities\ntutilities\random\random\release\vc141.pdb
c:\users\николай\documents\github\paa\ntwindowsutilities\ntutilities\random\random\release\stdafx.obj
c:\users\николай\documents\github\paa\ntwindowsutilities\ntutilities\random\random\release\randomgenerator.obj
c:\users\николай\documents\github\paa\ntwindowsutilities\ntutilities\random\random\release\random.obj
c:\users\николай\documents\github\paa\ntwindowsutilities\ntutilities\random\random\release\dllmain.obj
c:\users\николай\documents\github\paa\ntwindowsutilities\ntutilities\random\random\release\defaultrandomgenerator.obj
c:\users\николай\documents\github\paa\paaoptimisation\release\random.dll
c:\users\николай\documents\github\paa\paaoptimisation\release\random.pdb
c:\users\николай\documents\github\paa\paaoptimisation\release\random.lib
c:\users\николай\documents\github\paa\paaoptimisation\release\random.exp
c:\users\николай\documents\github\paa\paaoptimisation\release\random.ipdb
c:\users\николай\documents\github\paa\paaoptimisation\release\random.iobj
c:\users\николай\documents\github\paa\ntwindowsutilities\ntutilities\random\random\release\random.tlog\cl.command.1.tlog
c:\users\николай\documents\github\paa\ntwindowsutilities\ntutilities\random\random\release\random.tlog\cl.read.1.tlog
c:\users\николай\documents\github\paa\ntwindowsutilities\ntutilities\random\random\release\random.tlog\cl.write.1.tlog
c:\users\николай\documents\github\paa\ntwindowsutilities\ntutilities\random\random\release\random.tlog\link.command.1.tlog
c:\users\николай\documents\github\paa\ntwindowsutilities\ntutilities\random\random\release\random.tlog\link.read.1.tlog
c:\users\николай\documents\github\paa\ntwindowsutilities\ntutilities\random\random\release\random.tlog\link.write.1.tlog
c:\users\николай\documents\github\paa\ntwindowsutilities\ntutilities\random\random\release\random.tlog\random.write.1u.tlog
