c:\users\nik\documents\github\paa\ntwindowsutilities\windowsutilities\windowsutilities\release\windowsutilities.pch
c:\users\nik\documents\github\paa\ntwindowsutilities\windowsutilities\windowsutilities\release\vc142.pdb
c:\users\nik\documents\github\paa\ntwindowsutilities\windowsutilities\windowsutilities\release\stdafx.obj
c:\users\nik\documents\github\paa\ntwindowsutilities\windowsutilities\windowsutilities\release\windowsutils.obj
c:\users\nik\documents\github\paa\ntwindowsutilities\windowsutilities\windowsutilities\release\windowsutilities.obj
c:\users\nik\documents\github\paa\ntwindowsutilities\windowsutilities\windowsutilities\release\windowstaskmanager.obj
c:\users\nik\documents\github\paa\ntwindowsutilities\windowsutilities\windowsutilities\release\windowsrandomgenerator.obj
c:\users\nik\documents\github\paa\ntwindowsutilities\windowsutilities\windowsutilities\release\windowsprocessrunner.obj
c:\users\nik\documents\github\paa\ntwindowsutilities\windowsutilities\windowsutilities\release\windowsprocessmanager.obj
c:\users\nik\documents\github\paa\ntwindowsutilities\windowsutilities\windowsutilities\release\dllmain.obj
c:\users\nik\documents\github\paa\paaoptimisation\release\windowsutilities.dll
c:\users\nik\documents\github\paa\paaoptimisation\release\windowsutilities.pdb
c:\users\nik\documents\github\paa\paaoptimisation\release\windowsutilities.lib
c:\users\nik\documents\github\paa\paaoptimisation\release\windowsutilities.exp
c:\users\nik\documents\github\paa\paaoptimisation\release\windowsutilities.ipdb
c:\users\nik\documents\github\paa\paaoptimisation\release\windowsutilities.iobj
c:\users\nik\documents\github\paa\ntwindowsutilities\windowsutilities\windowsutilities\release\windowsutilities.tlog\cl.command.1.tlog
c:\users\nik\documents\github\paa\ntwindowsutilities\windowsutilities\windowsutilities\release\windowsutilities.tlog\cl.read.1.tlog
c:\users\nik\documents\github\paa\ntwindowsutilities\windowsutilities\windowsutilities\release\windowsutilities.tlog\cl.write.1.tlog
c:\users\nik\documents\github\paa\ntwindowsutilities\windowsutilities\windowsutilities\release\windowsutilities.tlog\link.command.1.tlog
c:\users\nik\documents\github\paa\ntwindowsutilities\windowsutilities\windowsutilities\release\windowsutilities.tlog\link.read.1.tlog
c:\users\nik\documents\github\paa\ntwindowsutilities\windowsutilities\windowsutilities\release\windowsutilities.tlog\link.write.1.tlog
c:\users\nik\documents\github\paa\ntwindowsutilities\windowsutilities\windowsutilities\release\windowsutilities.tlog\windowsutilities.write.1u.tlog
