c:\users\николай\documents\github\paa\ntmathproblem\ntstandartproblems\ntstandartproblems\release\ntstandartproblems.pch
c:\users\николай\documents\github\paa\ntmathproblem\ntstandartproblems\ntstandartproblems\release\vc141.pdb
c:\users\николай\documents\github\paa\ntmathproblem\ntstandartproblems\ntstandartproblems\release\stdafx.obj
c:\users\николай\documents\github\paa\ntmathproblem\ntstandartproblems\ntstandartproblems\release\ntstandartproblems.obj
c:\users\николай\documents\github\paa\ntmathproblem\ntstandartproblems\ntstandartproblems\release\ntstandartmathproblem.obj
c:\users\николай\documents\github\paa\ntmathproblem\ntstandartproblems\ntstandartproblems\release\ntstandartalgorithm.obj
c:\users\николай\documents\github\paa\ntmathproblem\ntstandartproblems\ntstandartproblems\release\ntinitialvectoralgorithm.obj
c:\users\николай\documents\github\paa\ntmathproblem\ntstandartproblems\ntstandartproblems\release\ntgradientproblemalgorithm.obj
c:\users\николай\documents\github\paa\ntmathproblem\ntstandartproblems\ntstandartproblems\release\ntgradientproblem.obj
c:\users\николай\documents\github\paa\ntmathproblem\ntstandartproblems\ntstandartproblems\release\dllmain.obj
c:\users\николай\documents\github\paa\paaoptimisation\release\ntstandartproblems.dll
c:\users\николай\documents\github\paa\paaoptimisation\release\ntstandartproblems.pdb
c:\users\николай\documents\github\paa\paaoptimisation\release\ntstandartproblems.lib
c:\users\николай\documents\github\paa\paaoptimisation\release\ntstandartproblems.exp
c:\users\николай\documents\github\paa\paaoptimisation\release\ntstandartproblems.ipdb
c:\users\николай\documents\github\paa\paaoptimisation\release\ntstandartproblems.iobj
c:\users\николай\documents\github\paa\ntmathproblem\ntstandartproblems\ntstandartproblems\release\ntstanda.0f888f8a.tlog\cl.command.1.tlog
c:\users\николай\documents\github\paa\ntmathproblem\ntstandartproblems\ntstandartproblems\release\ntstanda.0f888f8a.tlog\cl.read.1.tlog
c:\users\николай\documents\github\paa\ntmathproblem\ntstandartproblems\ntstandartproblems\release\ntstanda.0f888f8a.tlog\cl.write.1.tlog
c:\users\николай\documents\github\paa\ntmathproblem\ntstandartproblems\ntstandartproblems\release\ntstanda.0f888f8a.tlog\link.command.1.tlog
c:\users\николай\documents\github\paa\ntmathproblem\ntstandartproblems\ntstandartproblems\release\ntstanda.0f888f8a.tlog\link.read.1.tlog
c:\users\николай\documents\github\paa\ntmathproblem\ntstandartproblems\ntstandartproblems\release\ntstanda.0f888f8a.tlog\link.write.1.tlog
c:\users\николай\documents\github\paa\ntmathproblem\ntstandartproblems\ntstandartproblems\release\ntstanda.0f888f8a.tlog\ntstandartproblems.write.1u.tlog
