c:\users\николай\documents\github\paa\ntwindowsutilities\ntutilities\random\random\debug\random.pch
c:\users\николай\documents\github\paa\ntwindowsutilities\ntutilities\random\random\debug\vc141.pdb
c:\users\николай\documents\github\paa\ntwindowsutilities\ntutilities\random\random\debug\vc141.idb
c:\users\николай\documents\github\paa\ntwindowsutilities\ntutilities\random\random\debug\stdafx.obj
c:\users\николай\documents\github\paa\ntwindowsutilities\ntutilities\random\random\debug\randomgenerator.obj
c:\users\николай\documents\github\paa\ntwindowsutilities\ntutilities\random\random\debug\random.obj
c:\users\николай\documents\github\paa\ntwindowsutilities\ntutilities\random\random\debug\dllmain.obj
c:\users\николай\documents\github\paa\ntwindowsutilities\ntutilities\random\random\debug\defaultrandomgenerator.obj
c:\users\николай\documents\github\paa\paaoptimisation\debug\random.ilk
c:\users\николай\documents\github\paa\paaoptimisation\debug\random.dll
c:\users\николай\documents\github\paa\paaoptimisation\debug\random.pdb
c:\users\николай\documents\github\paa\paaoptimisation\debug\random.lib
c:\users\николай\documents\github\paa\paaoptimisation\debug\random.exp
c:\users\николай\documents\github\paa\ntwindowsutilities\ntutilities\random\random\debug\random.tlog\cl.command.1.tlog
c:\users\николай\documents\github\paa\ntwindowsutilities\ntutilities\random\random\debug\random.tlog\cl.read.1.tlog
c:\users\николай\documents\github\paa\ntwindowsutilities\ntutilities\random\random\debug\random.tlog\cl.write.1.tlog
c:\users\николай\documents\github\paa\ntwindowsutilities\ntutilities\random\random\debug\random.tlog\link.command.1.tlog
c:\users\николай\documents\github\paa\ntwindowsutilities\ntutilities\random\random\debug\random.tlog\link.read.1.tlog
c:\users\николай\documents\github\paa\ntwindowsutilities\ntutilities\random\random\debug\random.tlog\link.write.1.tlog
c:\users\николай\documents\github\paa\ntwindowsutilities\ntutilities\random\random\debug\random.tlog\random.write.1u.tlog
