c:\users\nik\source\repos\nthgstandartproblemalgorithm\nthgstandartproblemalgorithm\debug\nthgstandartproblemalgorithm.pch
c:\users\nik\source\repos\nthgstandartproblemalgorithm\nthgstandartproblemalgorithm\debug\vc141.pdb
c:\users\nik\source\repos\nthgstandartproblemalgorithm\nthgstandartproblemalgorithm\debug\vc141.idb
c:\users\nik\source\repos\nthgstandartproblemalgorithm\nthgstandartproblemalgorithm\debug\stdafx.obj
c:\users\nik\source\repos\nthgstandartproblemalgorithm\nthgstandartproblemalgorithm\debug\nthgalgorithm.obj
c:\users\nik\source\repos\nthgstandartproblemalgorithm\nthgstandartproblemalgorithm\debug\nthgstandartproblemalgorithms.obj
c:\users\nik\source\repos\nthgstandartproblemalgorithm\nthgstandartproblemalgorithm\debug\ntgradientalgorithm.obj
c:\users\nik\source\repos\nthgstandartproblemalgorithm\nthgstandartproblemalgorithm\debug\ntconjugategradient.obj
c:\users\nik\source\repos\nthgstandartproblemalgorithm\nthgstandartproblemalgorithm\debug\linearsearch.obj
c:\users\nik\source\repos\nthgstandartproblemalgorithm\nthgstandartproblemalgorithm\debug\dllmain.obj
c:\users\николай\source\repos\nthgstandartproblemalgorithm\nthgstandartproblemalgorithm\debug\nthgstandartproblemalgorithm.pch
c:\users\николай\source\repos\nthgstandartproblemalgorithm\nthgstandartproblemalgorithm\debug\vc141.pdb
c:\users\николай\source\repos\nthgstandartproblemalgorithm\nthgstandartproblemalgorithm\debug\vc141.idb
c:\users\николай\source\repos\nthgstandartproblemalgorithm\nthgstandartproblemalgorithm\debug\stdafx.obj
c:\users\николай\source\repos\nthgstandartproblemalgorithm\nthgstandartproblemalgorithm\debug\nthgstandartproblemalgorithms.obj
c:\users\николай\source\repos\nthgstandartproblemalgorithm\nthgstandartproblemalgorithm\debug\dllmain.obj
c:\users\nik\source\repos\ntprojetstest\debug\nthgstandartproblemalgorithm.dll
c:\users\nik\source\repos\ntprojetstest\debug\nthgstandartproblemalgorithm.ilk
c:\users\nik\source\repos\ntprojetstest\debug\nthgstandartproblemalgorithm.pdb
c:\users\nik\source\repos\ntprojetstest\debug\nthgstandartproblemalgorithm.lib
c:\users\nik\source\repos\ntprojetstest\debug\nthgstandartproblemalgorithm.exp
c:\users\николай\source\repos\nthgstandartproblemalgorithm\nthgstandartproblemalgorithm\debug\linearsearch.obj
c:\users\николай\source\repos\nthgstandartproblemalgorithm\nthgstandartproblemalgorithm\debug\ntconjugategradient.obj
c:\users\николай\source\repos\nthgstandartproblemalgorithm\nthgstandartproblemalgorithm\debug\ntgradientalgorithm.obj
c:\users\николай\source\repos\nthgstandartproblemalgorithm\nthgstandartproblemalgorithm\debug\nthgalgorithm.obj
c:\users\николай\source\repos\ntprojetstest\debug\nthgstandartproblemalgorithm.pdb
c:\users\николай\source\repos\ntprojetstest\debug\nthgstandartproblemalgorithm.dll
c:\users\николай\source\repos\ntprojetstest\debug\nthgstandartproblemalgorithm.ilk
c:\users\николай\source\repos\nthgstandartproblemalgorithm\nthgstandartproblemalgorithm\debug\nthgstan.3e1688c1.tlog\cl.command.1.tlog
c:\users\николай\source\repos\nthgstandartproblemalgorithm\nthgstandartproblemalgorithm\debug\nthgstan.3e1688c1.tlog\cl.read.1.tlog
c:\users\николай\source\repos\nthgstandartproblemalgorithm\nthgstandartproblemalgorithm\debug\nthgstan.3e1688c1.tlog\cl.write.1.tlog
c:\users\николай\source\repos\nthgstandartproblemalgorithm\nthgstandartproblemalgorithm\debug\nthgstan.3e1688c1.tlog\link.command.1.tlog
c:\users\николай\source\repos\nthgstandartproblemalgorithm\nthgstandartproblemalgorithm\debug\nthgstan.3e1688c1.tlog\link.read.1.tlog
c:\users\николай\source\repos\nthgstandartproblemalgorithm\nthgstandartproblemalgorithm\debug\nthgstan.3e1688c1.tlog\link.write.1.tlog
c:\users\николай\source\repos\nthgstandartproblemalgorithm\nthgstandartproblemalgorithm\debug\nthgstan.3e1688c1.tlog\nthgstandartproblemalgorithm.write.1u.tlog
