c:\users\nik\documents\github\paa\ntwindowsutilities\ntutilities\ntasync\processes\processes\release\processes.pch
c:\users\nik\documents\github\paa\ntwindowsutilities\ntutilities\ntasync\processes\processes\release\vc142.pdb
c:\users\nik\documents\github\paa\ntwindowsutilities\ntutilities\ntasync\processes\processes\release\stdafx.obj
c:\users\nik\documents\github\paa\ntwindowsutilities\ntutilities\ntasync\processes\processes\release\processrunner.obj
c:\users\nik\documents\github\paa\ntwindowsutilities\ntutilities\ntasync\processes\processes\release\processmanager.obj
c:\users\nik\documents\github\paa\ntwindowsutilities\ntutilities\ntasync\processes\processes\release\processes.obj
c:\users\nik\documents\github\paa\ntwindowsutilities\ntutilities\ntasync\processes\processes\release\dllmain.obj
c:\users\nik\documents\github\paa\paaoptimisation\release\processes.dll
c:\users\nik\documents\github\paa\paaoptimisation\release\processes.pdb
c:\users\nik\documents\github\paa\paaoptimisation\release\processes.lib
c:\users\nik\documents\github\paa\paaoptimisation\release\processes.exp
c:\users\nik\documents\github\paa\paaoptimisation\release\processes.ipdb
c:\users\nik\documents\github\paa\paaoptimisation\release\processes.iobj
c:\users\nik\documents\github\paa\ntwindowsutilities\ntutilities\ntasync\processes\processes\release\processes.tlog\cl.command.1.tlog
c:\users\nik\documents\github\paa\ntwindowsutilities\ntutilities\ntasync\processes\processes\release\processes.tlog\cl.read.1.tlog
c:\users\nik\documents\github\paa\ntwindowsutilities\ntutilities\ntasync\processes\processes\release\processes.tlog\cl.write.1.tlog
c:\users\nik\documents\github\paa\ntwindowsutilities\ntutilities\ntasync\processes\processes\release\processes.tlog\link.command.1.tlog
c:\users\nik\documents\github\paa\ntwindowsutilities\ntutilities\ntasync\processes\processes\release\processes.tlog\link.read.1.tlog
c:\users\nik\documents\github\paa\ntwindowsutilities\ntutilities\ntasync\processes\processes\release\processes.tlog\link.write.1.tlog
c:\users\nik\documents\github\paa\ntwindowsutilities\ntutilities\ntasync\processes\processes\release\processes.tlog\processes.write.1u.tlog
