c:\users\николай\documents\github\paa\ntmathproblem\ntmath\ntmath\release\ntmath.pch
c:\users\николай\documents\github\paa\ntmathproblem\ntmath\ntmath\release\vc141.pdb
c:\users\николай\documents\github\paa\ntmathproblem\ntmath\ntmath\release\stdafx.obj
c:\users\николай\documents\github\paa\ntmathproblem\ntmath\ntmath\release\utils.obj
c:\users\николай\documents\github\paa\ntmathproblem\ntmath\ntmath\release\ntmath.obj
c:\users\николай\documents\github\paa\ntmathproblem\ntmath\ntmath\release\dllmain.obj
c:\users\николай\documents\github\paa\ntmathproblem\ntmath\ntmath\release\complex.obj
c:\users\николай\documents\github\paa\paaoptimisation\release\ntmath.dll
c:\users\николай\documents\github\paa\paaoptimisation\release\ntmath.pdb
c:\users\николай\documents\github\paa\paaoptimisation\release\ntmath.lib
c:\users\николай\documents\github\paa\paaoptimisation\release\ntmath.exp
c:\users\николай\documents\github\paa\paaoptimisation\release\ntmath.ipdb
c:\users\николай\documents\github\paa\paaoptimisation\release\ntmath.iobj
c:\users\николай\documents\github\paa\ntmathproblem\ntmath\ntmath\release\ntmath.tlog\cl.command.1.tlog
c:\users\николай\documents\github\paa\ntmathproblem\ntmath\ntmath\release\ntmath.tlog\cl.read.1.tlog
c:\users\николай\documents\github\paa\ntmathproblem\ntmath\ntmath\release\ntmath.tlog\cl.write.1.tlog
c:\users\николай\documents\github\paa\ntmathproblem\ntmath\ntmath\release\ntmath.tlog\link.command.1.tlog
c:\users\николай\documents\github\paa\ntmathproblem\ntmath\ntmath\release\ntmath.tlog\link.read.1.tlog
c:\users\николай\documents\github\paa\ntmathproblem\ntmath\ntmath\release\ntmath.tlog\link.write.1.tlog
c:\users\николай\documents\github\paa\ntmathproblem\ntmath\ntmath\release\ntmath.tlog\ntmath.write.1u.tlog
