c:\users\николай\documents\github\paa\paaproblemstatementproject\paaproblemstatementproject\release\paaproblemstatementproject.pch
c:\users\николай\documents\github\paa\paaproblemstatementproject\paaproblemstatementproject\release\vc141.pdb
c:\users\николай\documents\github\paa\paaproblemstatementproject\paaproblemstatementproject\release\stdafx.obj
c:\users\николай\documents\github\paa\paaproblemstatementproject\paaproblemstatementproject\release\paaphysicalsystemdirectivityoptimisationproblemstatement.obj
c:\users\николай\documents\github\paa\paaproblemstatementproject\paaproblemstatementproject\release\paaproblemstatementproject.obj
c:\users\николай\documents\github\paa\paaproblemstatementproject\paaproblemstatementproject\release\paaproblemstatement.obj
c:\users\николай\documents\github\paa\paaproblemstatementproject\paaproblemstatementproject\release\paaphysicalsystemproblemstatement.obj
c:\users\николай\documents\github\paa\paaproblemstatementproject\paaproblemstatementproject\release\paaphysicalsystem.obj
c:\users\николай\documents\github\paa\paaproblemstatementproject\paaproblemstatementproject\release\paafileproblemstatement.obj
c:\users\николай\documents\github\paa\paaproblemstatementproject\paaproblemstatementproject\release\dllmain.obj
c:\users\николай\documents\github\paa\paaoptimisation\release\paaproblemstatementproject.dll
c:\users\николай\documents\github\paa\paaoptimisation\release\paaproblemstatementproject.pdb
c:\users\николай\documents\github\paa\paaoptimisation\release\paaproblemstatementproject.lib
c:\users\николай\documents\github\paa\paaoptimisation\release\paaproblemstatementproject.exp
c:\users\николай\documents\github\paa\paaoptimisation\release\paaproblemstatementproject.ipdb
c:\users\николай\documents\github\paa\paaoptimisation\release\paaproblemstatementproject.iobj
c:\users\николай\documents\github\paa\paaproblemstatementproject\paaproblemstatementproject\release\paaprobl.422ea63b.tlog\cl.command.1.tlog
c:\users\николай\documents\github\paa\paaproblemstatementproject\paaproblemstatementproject\release\paaprobl.422ea63b.tlog\cl.read.1.tlog
c:\users\николай\documents\github\paa\paaproblemstatementproject\paaproblemstatementproject\release\paaprobl.422ea63b.tlog\cl.write.1.tlog
c:\users\николай\documents\github\paa\paaproblemstatementproject\paaproblemstatementproject\release\paaprobl.422ea63b.tlog\link.command.1.tlog
c:\users\николай\documents\github\paa\paaproblemstatementproject\paaproblemstatementproject\release\paaprobl.422ea63b.tlog\link.read.1.tlog
c:\users\николай\documents\github\paa\paaproblemstatementproject\paaproblemstatementproject\release\paaprobl.422ea63b.tlog\link.write.1.tlog
c:\users\николай\documents\github\paa\paaproblemstatementproject\paaproblemstatementproject\release\paaprobl.422ea63b.tlog\paaproblemstatementproject.write.1u.tlog
