c:\users\николай\documents\github\paa\paaoptimisation\debug\asynctasks.lib
c:\users\николай\documents\github\paa\paaoptimisation\debug\asynctasks.exp
c:\users\николай\documents\github\paa\ntwindowsutilities\ntutilities\ntasync\asynctasks\asynctasks\debug\asynctasks.pch
c:\users\николай\documents\github\paa\ntwindowsutilities\ntutilities\ntasync\asynctasks\asynctasks\debug\vc141.pdb
c:\users\николай\documents\github\paa\ntwindowsutilities\ntutilities\ntasync\asynctasks\asynctasks\debug\vc141.idb
c:\users\николай\documents\github\paa\ntwindowsutilities\ntutilities\ntasync\asynctasks\asynctasks\debug\stdafx.obj
c:\users\николай\documents\github\paa\ntwindowsutilities\ntutilities\ntasync\asynctasks\asynctasks\debug\taskmanager.obj
c:\users\николай\documents\github\paa\ntwindowsutilities\ntutilities\ntasync\asynctasks\asynctasks\debug\task.obj
c:\users\николай\documents\github\paa\ntwindowsutilities\ntutilities\ntasync\asynctasks\asynctasks\debug\dllmain.obj
c:\users\николай\documents\github\paa\ntwindowsutilities\ntutilities\ntasync\asynctasks\asynctasks\debug\asynctasks.obj
c:\users\николай\documents\github\paa\paaoptimisation\debug\asynctasks.ilk
c:\users\николай\documents\github\paa\paaoptimisation\debug\asynctasks.dll
c:\users\николай\documents\github\paa\paaoptimisation\debug\asynctasks.pdb
c:\users\николай\documents\github\paa\ntwindowsutilities\ntutilities\ntasync\asynctasks\asynctasks\debug\asynctasks.tlog\asynctasks.write.1u.tlog
c:\users\николай\documents\github\paa\ntwindowsutilities\ntutilities\ntasync\asynctasks\asynctasks\debug\asynctasks.tlog\cl.command.1.tlog
c:\users\николай\documents\github\paa\ntwindowsutilities\ntutilities\ntasync\asynctasks\asynctasks\debug\asynctasks.tlog\cl.read.1.tlog
c:\users\николай\documents\github\paa\ntwindowsutilities\ntutilities\ntasync\asynctasks\asynctasks\debug\asynctasks.tlog\cl.write.1.tlog
c:\users\николай\documents\github\paa\ntwindowsutilities\ntutilities\ntasync\asynctasks\asynctasks\debug\asynctasks.tlog\link.command.1.tlog
c:\users\николай\documents\github\paa\ntwindowsutilities\ntutilities\ntasync\asynctasks\asynctasks\debug\asynctasks.tlog\link.read.1.tlog
c:\users\николай\documents\github\paa\ntwindowsutilities\ntutilities\ntasync\asynctasks\asynctasks\debug\asynctasks.tlog\link.write.1.tlog
