c:\users\nik\source\repos\necdata\necdata\release\necdata.pch
c:\users\nik\source\repos\necdata\necdata\release\vc141.pdb
c:\users\nik\source\repos\necdata\necdata\release\stdafx.obj
c:\users\nik\source\repos\necdata\necdata\release\gn.obj
c:\users\nik\source\repos\necdata\necdata\release\ge.obj
c:\users\nik\source\repos\necdata\necdata\release\fr.obj
c:\users\nik\source\repos\necdata\necdata\release\filestructure.obj
c:\users\nik\source\repos\necdata\necdata\release\filestreamhandler.obj
c:\users\nik\source\repos\necdata\necdata\release\fileparser.obj
c:\users\nik\source\repos\necdata\necdata\release\fileexception.obj
c:\users\nik\source\repos\necdata\necdata\release\en.obj
c:\users\nik\source\repos\necdata\necdata\release\dllmain.obj
c:\users\nik\source\repos\necdata\necdata\release\cm.obj
c:\users\nik\source\repos\necdata\necdata\release\ce.obj
c:\users\nik\source\repos\necdata\necdata\release\allsourcenecinwritterexception.obj
c:\users\nik\source\repos\necdata\necdata\release\tablevalueparser.obj
c:\users\nik\source\repos\necdata\necdata\release\stringhandler.obj
c:\users\nik\source\repos\necdata\necdata\release\rp.obj
c:\users\nik\source\repos\necdata\necdata\release\pt.obj
c:\users\nik\source\repos\necdata\necdata\release\necdata.obj
c:\users\nik\source\repos\necdata\necdata\release\neccommand.obj
c:\users\nik\source\repos\necdata\necdata\release\keywordshandler.obj
c:\users\nik\source\repos\necdata\necdata\release\gw.obj
c:\users\nik\source\repos\necdata\necdata\release\necdata.tlog\cl.command.1.tlog
c:\users\nik\source\repos\necdata\necdata\release\necdata.tlog\cl.read.1.tlog
c:\users\nik\source\repos\necdata\necdata\release\necdata.tlog\cl.write.1.tlog
