  stdafx.cpp
  AllSourceNecInWritterException.cpp
  AntenaInputsKeywordsHandler.cpp
  CE.cpp
  CEHandler.cpp
  CM.cpp
  CMHandler.cpp
  dllmain.cpp
  EN.cpp
  ENHandler.cpp
  EX.cpp
  EXHandler.cpp
  FileException.cpp
  FileParser.cpp
  FileStreamHandler.cpp
  FileStructure.cpp
  FR.cpp
  FRHandler.cpp
  GE.cpp
  GEHandler.cpp
  GN.cpp
  Компиляция...
  GNHandler.cpp
  GW.cpp
  GWHandler.cpp
  KeywordsHandler.cpp
  NecCommand.cpp
  NecData.cpp
  NecIn.cpp
c:\users\nik\source\repos\necdata\necdata\necin.cpp(20): warning C4018: <: несоответствие типов со знаком и без знака
c:\users\nik\source\repos\necdata\necdata\necin.cpp(24): warning C4018: <: несоответствие типов со знаком и без знака
  NecInParser.cpp
  NecInWritter.cpp
  NecOut.cpp
  NecOutParser.cpp
  PT.cpp
  PTHandler.cpp
  RadiationKeywordsHandler.cpp
  RP.cpp
  RPHandler.cpp
  StringHandler.cpp
  TableValueParser.cpp
  Создание кода
  All 140 functions were compiled because no usable IPDB/IOBJ from previous compilation was found.
  Создание кода завершено
  NecData.vcxproj -> C:\Users\Nik\source\repos\NecData\Release\NecData.dll
