c:\users\николай\documents\github\paa\paaoptimisationproblemproject\paaoptimisationproblemproject\debug\paaoptimisationproblemproject.pch
c:\users\николай\documents\github\paa\paaoptimisationproblemproject\paaoptimisationproblemproject\debug\vc141.pdb
c:\users\николай\documents\github\paa\paaoptimisationproblemproject\paaoptimisationproblemproject\debug\vc141.idb
c:\users\николай\documents\github\paa\paaoptimisationproblemproject\paaoptimisationproblemproject\debug\stdafx.obj
c:\users\николай\documents\github\paa\paaoptimisationproblemproject\paaoptimisationproblemproject\debug\paapenaltyoptimisationproblem.obj
c:\users\николай\documents\github\paa\paaoptimisationproblemproject\paaoptimisationproblemproject\debug\paaoptimisationproblemfactory.obj
c:\users\николай\documents\github\paa\paaoptimisationproblemproject\paaoptimisationproblemproject\debug\paaoptimisationproblem.obj
c:\users\николай\documents\github\paa\paaoptimisationproblemproject\paaoptimisationproblemproject\debug\dllmain.obj
c:\users\николай\documents\github\paa\paaoptimisation\debug\paaoptimisationproblemproject.ilk
c:\users\николай\documents\github\paa\paaoptimisation\debug\paaoptimisationproblemproject.dll
c:\users\николай\documents\github\paa\paaoptimisation\debug\paaoptimisationproblemproject.pdb
c:\users\николай\documents\github\paa\paaoptimisation\debug\paaoptimisationproblemproject.lib
c:\users\николай\documents\github\paa\paaoptimisation\debug\paaoptimisationproblemproject.exp
c:\users\николай\documents\github\paa\paaoptimisationproblemproject\paaoptimisationproblemproject\debug\paaoptim.65906ba1.tlog\cl.command.1.tlog
c:\users\николай\documents\github\paa\paaoptimisationproblemproject\paaoptimisationproblemproject\debug\paaoptim.65906ba1.tlog\cl.read.1.tlog
c:\users\николай\documents\github\paa\paaoptimisationproblemproject\paaoptimisationproblemproject\debug\paaoptim.65906ba1.tlog\cl.write.1.tlog
c:\users\николай\documents\github\paa\paaoptimisationproblemproject\paaoptimisationproblemproject\debug\paaoptim.65906ba1.tlog\link.command.1.tlog
c:\users\николай\documents\github\paa\paaoptimisationproblemproject\paaoptimisationproblemproject\debug\paaoptim.65906ba1.tlog\link.read.1.tlog
c:\users\николай\documents\github\paa\paaoptimisationproblemproject\paaoptimisationproblemproject\debug\paaoptim.65906ba1.tlog\link.write.1.tlog
c:\users\николай\documents\github\paa\paaoptimisationproblemproject\paaoptimisationproblemproject\debug\paaoptim.65906ba1.tlog\paaoptimisationproblemproject.write.1u.tlog
