c:\users\николай\documents\github\ntmathproblem\ntstandartproblems\ntstandartproblems\x64\debug\ntstandartproblems.pch
c:\users\николай\documents\github\ntmathproblem\ntstandartproblems\ntstandartproblems\x64\debug\vc141.pdb
c:\users\николай\documents\github\ntmathproblem\ntstandartproblems\ntstandartproblems\x64\debug\vc141.idb
c:\users\николай\documents\github\ntmathproblem\ntstandartproblems\ntstandartproblems\x64\debug\stdafx.obj
c:\users\николай\documents\github\ntmathproblem\ntstandartproblems\ntstandartproblems\x64\debug\ntstandartproblems.obj
c:\users\николай\documents\github\ntmathproblem\ntstandartproblems\ntstandartproblems\x64\debug\ntstandartmathproblem.obj
c:\users\николай\documents\github\ntmathproblem\ntstandartproblems\ntstandartproblems\x64\debug\ntstandartalgorithm.obj
c:\users\николай\documents\github\ntmathproblem\ntstandartproblems\ntstandartproblems\x64\debug\ntinitialvectoralgorithm.obj
c:\users\николай\documents\github\ntmathproblem\ntstandartproblems\ntstandartproblems\x64\debug\ntgradientproblemalgorithm.obj
c:\users\николай\documents\github\ntmathproblem\ntstandartproblems\ntstandartproblems\x64\debug\ntgradientproblem.obj
c:\users\николай\documents\github\ntmathproblem\ntstandartproblems\ntstandartproblems\x64\debug\dllmain.obj
c:\users\николай\documents\github\ntmathproblem\ntstandartproblemalgorithm\x64\debug\ntstandartproblems.ilk
c:\users\николай\documents\github\ntmathproblem\ntstandartproblemalgorithm\x64\debug\ntstandartproblems.dll
c:\users\николай\documents\github\ntmathproblem\ntstandartproblemalgorithm\x64\debug\ntstandartproblems.pdb
c:\users\николай\documents\github\ntmathproblem\ntstandartproblemalgorithm\x64\debug\ntstandartproblems.lib
c:\users\николай\documents\github\ntmathproblem\ntstandartproblemalgorithm\x64\debug\ntstandartproblems.exp
c:\users\николай\documents\github\ntmathproblem\ntstandartproblems\ntstandartproblems\x64\debug\ntstanda.0f888f8a.tlog\cl.command.1.tlog
c:\users\николай\documents\github\ntmathproblem\ntstandartproblems\ntstandartproblems\x64\debug\ntstanda.0f888f8a.tlog\cl.read.1.tlog
c:\users\николай\documents\github\ntmathproblem\ntstandartproblems\ntstandartproblems\x64\debug\ntstanda.0f888f8a.tlog\cl.write.1.tlog
c:\users\николай\documents\github\ntmathproblem\ntstandartproblems\ntstandartproblems\x64\debug\ntstanda.0f888f8a.tlog\link.command.1.tlog
c:\users\николай\documents\github\ntmathproblem\ntstandartproblems\ntstandartproblems\x64\debug\ntstanda.0f888f8a.tlog\link.read.1.tlog
c:\users\николай\documents\github\ntmathproblem\ntstandartproblems\ntstandartproblems\x64\debug\ntstanda.0f888f8a.tlog\link.write.1.tlog
c:\users\николай\documents\github\ntmathproblem\ntstandartproblems\ntstandartproblems\x64\debug\ntstanda.0f888f8a.tlog\ntstandartproblems.write.1u.tlog
