c:\users\nik\documents\github\paa\ntwindowsutilities\ntutilities\ntio\ntio\release\ntio.pch
c:\users\nik\documents\github\paa\ntwindowsutilities\ntutilities\ntio\ntio\release\vc142.pdb
c:\users\nik\documents\github\paa\ntwindowsutilities\ntutilities\ntio\ntio\release\stdafx.obj
c:\users\nik\documents\github\paa\ntwindowsutilities\ntutilities\ntio\ntio\release\scanner.obj
c:\users\nik\documents\github\paa\ntwindowsutilities\ntutilities\ntio\ntio\release\ntio.obj
c:\users\nik\documents\github\paa\ntwindowsutilities\ntutilities\ntio\ntio\release\log.obj
c:\users\nik\documents\github\paa\ntwindowsutilities\ntutilities\ntio\ntio\release\filescanner.obj
c:\users\nik\documents\github\paa\ntwindowsutilities\ntutilities\ntio\ntio\release\filelog.obj
c:\users\nik\documents\github\paa\ntwindowsutilities\ntutilities\ntio\ntio\release\dllmain.obj
c:\users\nik\documents\github\paa\ntwindowsutilities\ntutilities\ntio\ntio\release\consolescanner.obj
c:\users\nik\documents\github\paa\ntwindowsutilities\ntutilities\ntio\ntio\release\consolelog.obj
c:\users\nik\documents\github\paa\paaoptimisation\release\ntio.dll
c:\users\nik\documents\github\paa\paaoptimisation\release\ntio.pdb
c:\users\nik\documents\github\paa\paaoptimisation\release\ntio.lib
c:\users\nik\documents\github\paa\paaoptimisation\release\ntio.exp
c:\users\nik\documents\github\paa\paaoptimisation\release\ntio.ipdb
c:\users\nik\documents\github\paa\paaoptimisation\release\ntio.iobj
c:\users\nik\documents\github\paa\ntwindowsutilities\ntutilities\ntio\ntio\release\ntio.tlog\cl.command.1.tlog
c:\users\nik\documents\github\paa\ntwindowsutilities\ntutilities\ntio\ntio\release\ntio.tlog\cl.read.1.tlog
c:\users\nik\documents\github\paa\ntwindowsutilities\ntutilities\ntio\ntio\release\ntio.tlog\cl.write.1.tlog
c:\users\nik\documents\github\paa\ntwindowsutilities\ntutilities\ntio\ntio\release\ntio.tlog\link.command.1.tlog
c:\users\nik\documents\github\paa\ntwindowsutilities\ntutilities\ntio\ntio\release\ntio.tlog\link.read.1.tlog
c:\users\nik\documents\github\paa\ntwindowsutilities\ntutilities\ntio\ntio\release\ntio.tlog\link.write.1.tlog
c:\users\nik\documents\github\paa\ntwindowsutilities\ntutilities\ntio\ntio\release\ntio.tlog\ntio.write.1u.tlog
