c:\users\николай\documents\github\paa\paaproblemstatementproject\paaproblemstatementproject\debug\paaproblemstatementproject.pch
c:\users\николай\documents\github\paa\paaproblemstatementproject\paaproblemstatementproject\debug\vc141.pdb
c:\users\николай\documents\github\paa\paaproblemstatementproject\paaproblemstatementproject\debug\vc141.idb
c:\users\николай\documents\github\paa\paaproblemstatementproject\paaproblemstatementproject\debug\stdafx.obj
c:\users\николай\documents\github\paa\paaproblemstatementproject\paaproblemstatementproject\debug\paaphysicalsystemdirectivityoptimisationproblemstatement.obj
c:\users\николай\documents\github\paa\paaproblemstatementproject\paaproblemstatementproject\debug\paaproblemstatementproject.obj
c:\users\николай\documents\github\paa\paaproblemstatementproject\paaproblemstatementproject\debug\paaproblemstatement.obj
c:\users\николай\documents\github\paa\paaproblemstatementproject\paaproblemstatementproject\debug\paaphysicalsystemproblemstatement.obj
c:\users\николай\documents\github\paa\paaproblemstatementproject\paaproblemstatementproject\debug\paaphysicalsystem.obj
c:\users\николай\documents\github\paa\paaproblemstatementproject\paaproblemstatementproject\debug\paafileproblemstatement.obj
c:\users\николай\documents\github\paa\paaproblemstatementproject\paaproblemstatementproject\debug\dllmain.obj
c:\users\николай\documents\github\paa\paaoptimisation\debug\paaproblemstatementproject.ilk
c:\users\николай\documents\github\paa\paaoptimisation\debug\paaproblemstatementproject.dll
c:\users\николай\documents\github\paa\paaoptimisation\debug\paaproblemstatementproject.pdb
c:\users\николай\documents\github\paa\paaoptimisation\debug\paaproblemstatementproject.lib
c:\users\николай\documents\github\paa\paaoptimisation\debug\paaproblemstatementproject.exp
c:\users\николай\documents\github\paa\paaproblemstatementproject\paaproblemstatementproject\debug\paaprobl.422ea63b.tlog\cl.command.1.tlog
c:\users\николай\documents\github\paa\paaproblemstatementproject\paaproblemstatementproject\debug\paaprobl.422ea63b.tlog\cl.read.1.tlog
c:\users\николай\documents\github\paa\paaproblemstatementproject\paaproblemstatementproject\debug\paaprobl.422ea63b.tlog\cl.write.1.tlog
c:\users\николай\documents\github\paa\paaproblemstatementproject\paaproblemstatementproject\debug\paaprobl.422ea63b.tlog\link.command.1.tlog
c:\users\николай\documents\github\paa\paaproblemstatementproject\paaproblemstatementproject\debug\paaprobl.422ea63b.tlog\link.read.1.tlog
c:\users\николай\documents\github\paa\paaproblemstatementproject\paaproblemstatementproject\debug\paaprobl.422ea63b.tlog\link.write.1.tlog
c:\users\николай\documents\github\paa\paaproblemstatementproject\paaproblemstatementproject\debug\paaprobl.422ea63b.tlog\paaproblemstatementproject.write.1u.tlog
