c:\users\николай\documents\github\paa\ntwindowsutilities\ntutilities\ntasync\processes\processes\debug\processes.pch
c:\users\николай\documents\github\paa\ntwindowsutilities\ntutilities\ntasync\processes\processes\debug\vc141.pdb
c:\users\николай\documents\github\paa\ntwindowsutilities\ntutilities\ntasync\processes\processes\debug\vc141.idb
c:\users\николай\documents\github\paa\ntwindowsutilities\ntutilities\ntasync\processes\processes\debug\stdafx.obj
c:\users\николай\documents\github\paa\ntwindowsutilities\ntutilities\ntasync\processes\processes\debug\processrunner.obj
c:\users\николай\documents\github\paa\ntwindowsutilities\ntutilities\ntasync\processes\processes\debug\processmanager.obj
c:\users\николай\documents\github\paa\ntwindowsutilities\ntutilities\ntasync\processes\processes\debug\processes.obj
c:\users\николай\documents\github\paa\ntwindowsutilities\ntutilities\ntasync\processes\processes\debug\dllmain.obj
c:\users\николай\documents\github\paa\paaoptimisation\debug\processes.ilk
c:\users\николай\documents\github\paa\paaoptimisation\debug\processes.dll
c:\users\николай\documents\github\paa\paaoptimisation\debug\processes.pdb
c:\users\николай\documents\github\paa\paaoptimisation\debug\processes.lib
c:\users\николай\documents\github\paa\paaoptimisation\debug\processes.exp
c:\users\николай\documents\github\paa\ntwindowsutilities\ntutilities\ntasync\processes\processes\debug\processes.tlog\cl.command.1.tlog
c:\users\николай\documents\github\paa\ntwindowsutilities\ntutilities\ntasync\processes\processes\debug\processes.tlog\cl.read.1.tlog
c:\users\николай\documents\github\paa\ntwindowsutilities\ntutilities\ntasync\processes\processes\debug\processes.tlog\cl.write.1.tlog
c:\users\николай\documents\github\paa\ntwindowsutilities\ntutilities\ntasync\processes\processes\debug\processes.tlog\link.command.1.tlog
c:\users\николай\documents\github\paa\ntwindowsutilities\ntutilities\ntasync\processes\processes\debug\processes.tlog\link.read.1.tlog
c:\users\николай\documents\github\paa\ntwindowsutilities\ntutilities\ntasync\processes\processes\debug\processes.tlog\link.write.1.tlog
c:\users\николай\documents\github\paa\ntwindowsutilities\ntutilities\ntasync\processes\processes\debug\processes.tlog\processes.write.1u.tlog
